<?xml version="1.0" encoding="UTF-8"?>
<testng-results skipped="0" failed="0" total="1" passed="1">
  <reporter-output>
  </reporter-output>
  <suite name="Default suite" duration-ms="17542" started-at="2021-05-15T06:24:37Z" finished-at="2021-05-15T06:24:55Z">
    <groups>
    </groups>
    <test name="Default test" duration-ms="17542" started-at="2021-05-15T06:24:37Z" finished-at="2021-05-15T06:24:55Z">
      <class name="com.opencart.selenium.test.CreatingAcnt">
        <test-method status="PASS" signature="bTest()[pri:0, instance:com.opencart.selenium.test.CreatingAcnt@5b275dab]" name="bTest" is-config="true" duration-ms="13350" started-at="2021-05-15T11:54:37Z" finished-at="2021-05-15T11:54:50Z">
          <reporter-output>
          </reporter-output>
        </test-method> <!-- bTest -->
        <test-method status="PASS" signature="creatingAcnt()[pri:0, instance:com.opencart.selenium.test.CreatingAcnt@5b275dab]" name="creatingAcnt" duration-ms="4102" started-at="2021-05-15T11:54:50Z" finished-at="2021-05-15T11:54:54Z">
          <reporter-output>
          </reporter-output>
        </test-method> <!-- creatingAcnt -->
        <test-method status="PASS" signature="aTest()[pri:0, instance:com.opencart.selenium.test.CreatingAcnt@5b275dab]" name="aTest" is-config="true" duration-ms="39" started-at="2021-05-15T11:54:55Z" finished-at="2021-05-15T11:54:55Z">
          <reporter-output>
          </reporter-output>
        </test-method> <!-- aTest -->
      </class> <!-- com.opencart.selenium.test.CreatingAcnt -->
    </test> <!-- Default test -->
  </suite> <!-- Default suite -->
</testng-results>
